[debug] [2023-06-15T19:13:44.851Z] ----------------------------------------------------------------------
[debug] [2023-06-15T19:13:44.855Z] Command:       C:\Program Files\nodejs\node.exe C:\Users\HP\AppData\Roaming\npm\node_modules\firebase-tools\lib\bin\firebase.js init
[debug] [2023-06-15T19:13:44.855Z] CLI Version:   12.3.1
[debug] [2023-06-15T19:13:44.856Z] Platform:      win32
[debug] [2023-06-15T19:13:44.857Z] Node Version:  v18.12.1
[debug] [2023-06-15T19:13:44.858Z] Time:          Fri Jun 16 2023 00:43:44 GMT+0530 (India Standard Time)
[debug] [2023-06-15T19:13:44.859Z] ----------------------------------------------------------------------
[debug] 
[debug] [2023-06-15T19:13:45.117Z] > command requires scopes: ["email","openid","https://www.googleapis.com/auth/cloudplatformprojects.readonly","https://www.googleapis.com/auth/firebase","https://www.googleapis.com/auth/cloud-platform"]
[debug] [2023-06-15T19:13:45.119Z] > authorizing via signed-in user (banikswarup437@gmail.com)
[info] 
     ######## #### ########  ######## ########     ###     ######  ########
     ##        ##  ##     ## ##       ##     ##  ##   ##  ##       ##
     ######    ##  ########  ######   ########  #########  ######  ######
     ##        ##  ##    ##  ##       ##     ## ##     ##       ## ##
     ##       #### ##     ## ######## ########  ##     ##  ######  ########

You're about to initialize a Firebase project in this directory:

  C:\Users\HP\OneDrive\Desktop\Whatsappp\whatsapp-mern

Before we get started, keep in mind:

  * You are initializing within an existing Firebase project directory

