[debug] [2023-06-15T13:13:37.788Z] ----------------------------------------------------------------------
[debug] [2023-06-15T13:13:37.794Z] Command:       C:\Program Files\nodejs\node.exe C:\Users\HP\AppData\Roaming\npm\node_modules\firebase-tools\lib\bin\firebase.js init
[debug] [2023-06-15T13:13:37.796Z] CLI Version:   12.3.1
[debug] [2023-06-15T13:13:37.797Z] Platform:      win32
[debug] [2023-06-15T13:13:37.797Z] Node Version:  v18.12.1
[debug] [2023-06-15T13:13:37.800Z] Time:          Thu Jun 15 2023 18:43:37 GMT+0530 (India Standard Time)
[debug] [2023-06-15T13:13:37.800Z] ----------------------------------------------------------------------
[debug] 
[debug] [2023-06-15T13:13:38.029Z] > command requires scopes: ["email","openid","https://www.googleapis.com/auth/cloudplatformprojects.readonly","https://www.googleapis.com/auth/firebase","https://www.googleapis.com/auth/cloud-platform"]
[debug] [2023-06-15T13:13:38.031Z] > authorizing via signed-in user (banikswarup437@gmail.com)
[info] 
     ######## #### ########  ######## ########     ###     ######  ########
     ##        ##  ##     ## ##       ##     ##  ##   ##  ##       ##
     ######    ##  ########  ######   ########  #########  ######  ######
     ##        ##  ##    ##  ##       ##     ## ##     ##       ## ##
     ##       #### ##     ## ######## ########  ##     ##  ######  ########

You're about to initialize a Firebase project in this directory:

  C:\Users\HP\OneDrive\Desktop\Whatsappp\whatsapp-mern

Before we get started, keep in mind:

  * You are initializing within an existing Firebase project directory

